<?xml version="1.0" encoding="UTF-8"?>
<!-- Generated by org.testng.reporters.JUnitReportReporter -->
<testsuite skipped="0" hostname="CDC2-L-J9G7QQ2" name="demo.GoogleDemo" tests="1" failures="0" timestamp="12 Nov 2019 06:07:40 GMT" time="16.660" errors="0">
  <testcase name="f" time="16.660" classname="demo.GoogleDemo"/>
</testsuite> <!-- demo.GoogleDemo -->
