<?xml version="1.0" encoding="UTF-8"?>
<!-- Generated by org.testng.reporters.JUnitReportReporter -->
<testsuite skipped="0" hostname="CDC2-L-J9G7QQ2" name="demo.NewTest" tests="2" failures="0" timestamp="16 Sep 2019 05:18:55 GMT" time="0.006" errors="0">
  <testcase name="Login" time="0.005" classname="demo.NewTest"/>
  <testcase name="search" time="0.001" classname="demo.NewTest"/>
</testsuite> <!-- demo.NewTest -->
